2024-08-14 00:26:16 - Starting SbbApplication using Java 17.0.12 with PID 4415 (/Users/jinsoo/Documents/GitHub/Board-Backend/sbb/build/classes/java/main started by jinsoo in /Users/jinsoo/Documents/GitHub/Board-Backend)
2024-08-14 00:26:16 - Running with Spring Boot v3.3.2, Spring v6.1.11
2024-08-14 00:26:16 - No active profile set, falling back to 1 default profile: "default"
2024-08-14 00:26:16 - Devtools property defaults active! Set 'spring.devtools.add-properties' to 'false' to disable
2024-08-14 00:26:16 - For additional web related logging consider setting the 'logging.level.web' property to 'DEBUG'
2024-08-14 00:26:17 - Bootstrapping Spring Data JPA repositories in DEFAULT mode.
2024-08-14 00:26:17 - Finished Spring Data repository scanning in 19 ms. Found 3 JPA repository interfaces.
2024-08-14 00:26:17 - Tomcat initialized with port 8080 (http)
2024-08-14 00:26:17 - Starting service [Tomcat]
2024-08-14 00:26:17 - Starting Servlet engine: [Apache Tomcat/10.1.26]
2024-08-14 00:26:17 - Initializing Spring embedded WebApplicationContext
2024-08-14 00:26:17 - Root WebApplicationContext: initialization completed in 684 ms
2024-08-14 00:26:17 - HikariPool-1 - Starting...
2024-08-14 00:26:19 - HikariPool-1 - Added connection com.mysql.cj.jdbc.ConnectionImpl@78d4175c
2024-08-14 00:26:19 - HikariPool-1 - Start completed.
2024-08-14 00:26:19 - H2 console available at '/h2-console'. Database available at 'jdbc:mysql://34.122.116.151:3306/board?useSSL=false&useUnicode=true&serverTimezone=Asia/Seoul'
2024-08-14 00:26:19 - HHH000204: Processing PersistenceUnitInfo [name: default]
2024-08-14 00:26:19 - HHH000412: Hibernate ORM core version 6.5.2.Final
2024-08-14 00:26:19 - HHH000026: Second-level cache disabled
2024-08-14 00:26:19 - No LoadTimeWeaver setup: ignoring JPA class transformer
2024-08-14 00:26:19 - HHH90000025: MySQLDialect does not need to be specified explicitly using 'hibernate.dialect' (remove the property setting and it will be selected by default)
2024-08-14 00:26:20 - HHH000489: No JTA platform available (set 'hibernate.transaction.jta.platform' to enable JTA platform integration)
2024-08-14 00:26:24 - Initialized JPA EntityManagerFactory for persistence unit 'default'
2024-08-14 00:26:24 - Hibernate is in classpath; If applicable, HQL parser will be used.
2024-08-14 00:26:24 - Global AuthenticationManager configured with UserDetailsService bean with name userSecurityService
2024-08-14 00:26:24 - spring.jpa.open-in-view is enabled by default. Therefore, database queries may be performed during view rendering. Explicitly configure spring.jpa.open-in-view to disable this warning
2024-08-14 00:26:25 - LiveReload server is running on port 35729
2024-08-14 00:26:25 - Tomcat started on port 8080 (http) with context path '/'
2024-08-14 00:26:25 - Started SbbApplication in 8.962 seconds (process running for 9.25)
2024-08-14 00:27:15 - Initializing Spring DispatcherServlet 'dispatcherServlet'
2024-08-14 00:27:15 - Initializing Servlet 'dispatcherServlet'
2024-08-14 00:27:15 - Completed initialization in 1 ms
2024-08-14 00:27:21 - SQL Error: 1062, SQLState: 23000
2024-08-14 00:27:21 - Duplicate entry '1234@example.com' for key 'site_user.UK8vlkw482t3gpnebxcm03ywk9p'
2024-08-14 00:27:34 - Received request to get questions - page: 0, kw: 
2024-08-14 00:27:34 - Fetching questions list - page: 0, keyword: 
2024-08-14 00:27:35 - Returning 4 questions
2024-08-14 00:27:53 - Received request to get questions - page: 0, kw: 
2024-08-14 00:27:53 - Fetching questions list - page: 0, keyword: 
2024-08-14 00:27:54 - Returning 4 questions
2024-08-14 00:28:01 - Received request to create question - Subject: 화이팅, Content: asdlfalksdjflkasdjflkj
2024-08-14 00:28:01 - Creating question - Subject: 화이팅, Content: asdlfalksdjflkasdjflkj, User: jinsoo
2024-08-14 00:28:02 - Question saved successfully with ID: 5
2024-08-14 00:28:02 - Question created successfully with ID: 5
2024-08-14 00:28:42 - No mapping for GET /user/login
2024-08-14 00:28:42 - No endpoint GET /user/login.
2024-08-14 09:40:30 - Starting SbbApplication using Java 17.0.12 with PID 8381 (/Users/jinsoo/Documents/GitHub/Board-Backend/sbb/build/classes/java/main started by jinsoo in /Users/jinsoo/Documents/GitHub/Board-Backend)
2024-08-14 09:40:30 - Running with Spring Boot v3.3.2, Spring v6.1.11
2024-08-14 09:40:30 - No active profile set, falling back to 1 default profile: "default"
2024-08-14 09:40:30 - Devtools property defaults active! Set 'spring.devtools.add-properties' to 'false' to disable
2024-08-14 09:40:30 - For additional web related logging consider setting the 'logging.level.web' property to 'DEBUG'
2024-08-14 09:40:30 - Bootstrapping Spring Data JPA repositories in DEFAULT mode.
2024-08-14 09:40:30 - Finished Spring Data repository scanning in 23 ms. Found 3 JPA repository interfaces.
2024-08-14 09:40:31 - Tomcat initialized with port 8080 (http)
2024-08-14 09:40:31 - Starting service [Tomcat]
2024-08-14 09:40:31 - Starting Servlet engine: [Apache Tomcat/10.1.26]
2024-08-14 09:40:31 - Initializing Spring embedded WebApplicationContext
2024-08-14 09:40:31 - Root WebApplicationContext: initialization completed in 725 ms
2024-08-14 09:40:31 - HikariPool-1 - Starting...
2024-08-14 09:40:33 - HikariPool-1 - Added connection com.mysql.cj.jdbc.ConnectionImpl@361037df
2024-08-14 09:40:33 - HikariPool-1 - Start completed.
2024-08-14 09:40:33 - H2 console available at '/h2-console'. Database available at 'jdbc:mysql://34.122.116.151:3306/board?useSSL=false&useUnicode=true&serverTimezone=Asia/Seoul'
2024-08-14 09:40:33 - HHH000204: Processing PersistenceUnitInfo [name: default]
2024-08-14 09:40:33 - HHH000412: Hibernate ORM core version 6.5.2.Final
2024-08-14 09:40:33 - HHH000026: Second-level cache disabled
2024-08-14 09:40:34 - No LoadTimeWeaver setup: ignoring JPA class transformer
2024-08-14 09:40:34 - HHH90000025: MySQLDialect does not need to be specified explicitly using 'hibernate.dialect' (remove the property setting and it will be selected by default)
2024-08-14 09:40:35 - HHH000489: No JTA platform available (set 'hibernate.transaction.jta.platform' to enable JTA platform integration)
2024-08-14 09:40:40 - Initialized JPA EntityManagerFactory for persistence unit 'default'
2024-08-14 09:40:40 - Hibernate is in classpath; If applicable, HQL parser will be used.
2024-08-14 09:40:40 - Global AuthenticationManager configured with UserDetailsService bean with name userSecurityService
2024-08-14 09:40:40 - spring.jpa.open-in-view is enabled by default. Therefore, database queries may be performed during view rendering. Explicitly configure spring.jpa.open-in-view to disable this warning
2024-08-14 09:40:41 - LiveReload server is running on port 35729
2024-08-14 09:40:41 - Tomcat started on port 8080 (http) with context path '/'
2024-08-14 09:40:41 - Started SbbApplication in 10.86 seconds (process running for 11.245)
2024-08-14 09:40:46 - Initializing Spring DispatcherServlet 'dispatcherServlet'
2024-08-14 09:40:46 - Initializing Servlet 'dispatcherServlet'
2024-08-14 09:40:46 - Completed initialization in 1 ms
2024-08-14 09:40:47 - SQL Error: 1062, SQLState: 23000
2024-08-14 09:40:47 - Duplicate entry '1234@example.com' for key 'site_user.UK8vlkw482t3gpnebxcm03ywk9p'
2024-08-14 09:40:56 - No mapping for POST /api/logout
2024-08-14 09:40:56 - No endpoint POST /api/logout.
2024-08-14 09:41:01 - SQL Error: 1062, SQLState: 23000
2024-08-14 09:41:01 - Duplicate entry '1234@example.com' for key 'site_user.UK8vlkw482t3gpnebxcm03ywk9p'
2024-08-14 09:41:09 - Received request to get questions - page: 0, kw: 
2024-08-14 09:41:09 - Fetching questions list - page: 0, keyword: 
2024-08-14 09:41:11 - Returning 6 questions
2024-08-14 09:45:47 - Restarting due to 27 class path changes (0 additions, 13 deletions, 14 modifications)
2024-08-14 09:45:47 - Closing JPA EntityManagerFactory for persistence unit 'default'
2024-08-14 09:45:47 - HikariPool-1 - Shutdown initiated...
2024-08-14 09:45:47 - HikariPool-1 - Shutdown completed.
2024-08-14 09:45:47 - Starting SbbApplication using Java 17.0.12 with PID 8381 (/Users/jinsoo/Documents/GitHub/Board-Backend/sbb/build/classes/java/main started by jinsoo in /Users/jinsoo/Documents/GitHub/Board-Backend)
2024-08-14 09:45:47 - Running with Spring Boot v3.3.2, Spring v6.1.11
2024-08-14 09:45:47 - No active profile set, falling back to 1 default profile: "default"
2024-08-14 09:45:47 - Bootstrapping Spring Data JPA repositories in DEFAULT mode.
2024-08-14 09:45:47 - Finished Spring Data repository scanning in 3 ms. Found 3 JPA repository interfaces.
2024-08-14 09:45:47 - Tomcat initialized with port 8080 (http)
2024-08-14 09:45:47 - Starting service [Tomcat]
2024-08-14 09:45:47 - Starting Servlet engine: [Apache Tomcat/10.1.26]
2024-08-14 09:45:47 - Initializing Spring embedded WebApplicationContext
2024-08-14 09:45:47 - Root WebApplicationContext: initialization completed in 145 ms
2024-08-14 09:45:47 - HikariPool-2 - Starting...
2024-08-14 09:45:49 - HikariPool-2 - Added connection com.mysql.cj.jdbc.ConnectionImpl@4e9d44b3
2024-08-14 09:45:49 - HikariPool-2 - Start completed.
2024-08-14 09:45:49 - H2 console available at '/h2-console'. Database available at 'jdbc:mysql://34.122.116.151:3306/board?useSSL=false&useUnicode=true&serverTimezone=Asia/Seoul'
2024-08-14 09:45:49 - HHH000204: Processing PersistenceUnitInfo [name: default]
2024-08-14 09:45:49 - HHH000026: Second-level cache disabled
2024-08-14 09:45:49 - No LoadTimeWeaver setup: ignoring JPA class transformer
2024-08-14 09:45:49 - HHH90000025: MySQLDialect does not need to be specified explicitly using 'hibernate.dialect' (remove the property setting and it will be selected by default)
2024-08-14 09:45:49 - HHH000489: No JTA platform available (set 'hibernate.transaction.jta.platform' to enable JTA platform integration)
2024-08-14 09:45:54 - Initialized JPA EntityManagerFactory for persistence unit 'default'
2024-08-14 09:45:54 - Exception encountered during context initialization - cancelling refresh attempt: org.springframework.beans.factory.UnsatisfiedDependencyException: Error creating bean with name 'answerRestController' defined in file [/Users/jinsoo/Documents/GitHub/Board-Backend/sbb/build/classes/java/main/com/mysite/sbb/answer/AnswerRestController.class]: Unsatisfied dependency expressed through constructor parameter 0: Error creating bean with name 'questionService': Lookup method resolution failed
2024-08-14 09:45:54 - Closing JPA EntityManagerFactory for persistence unit 'default'
2024-08-14 09:45:54 - HikariPool-2 - Shutdown initiated...
2024-08-14 09:45:55 - HikariPool-2 - Shutdown completed.
2024-08-14 09:45:55 - Stopping service [Tomcat]
2024-08-14 09:45:55 - 

Error starting ApplicationContext. To display the condition evaluation report re-run your application with 'debug' enabled.
2024-08-14 09:45:55 - Application run failed
org.springframework.beans.factory.UnsatisfiedDependencyException: Error creating bean with name 'answerRestController' defined in file [/Users/jinsoo/Documents/GitHub/Board-Backend/sbb/build/classes/java/main/com/mysite/sbb/answer/AnswerRestController.class]: Unsatisfied dependency expressed through constructor parameter 0: Error creating bean with name 'questionService': Lookup method resolution failed
	at org.springframework.beans.factory.support.ConstructorResolver.createArgumentArray(ConstructorResolver.java:795) ~[spring-beans-6.1.11.jar:6.1.11]
	at org.springframework.beans.factory.support.ConstructorResolver.autowireConstructor(ConstructorResolver.java:237) ~[spring-beans-6.1.11.jar:6.1.11]
	at org.springframework.beans.factory.support.AbstractAutowireCapableBeanFactory.autowireConstructor(AbstractAutowireCapableBeanFactory.java:1375) ~[spring-beans-6.1.11.jar:6.1.11]
	at org.springframework.beans.factory.support.AbstractAutowireCapableBeanFactory.createBeanInstance(AbstractAutowireCapableBeanFactory.java:1212) ~[spring-beans-6.1.11.jar:6.1.11]
	at org.springframework.beans.factory.support.AbstractAutowireCapableBeanFactory.doCreateBean(AbstractAutowireCapableBeanFactory.java:562) ~[spring-beans-6.1.11.jar:6.1.11]
	at org.springframework.beans.factory.support.AbstractAutowireCapableBeanFactory.createBean(AbstractAutowireCapableBeanFactory.java:522) ~[spring-beans-6.1.11.jar:6.1.11]
	at org.springframework.beans.factory.support.AbstractBeanFactory.lambda$doGetBean$0(AbstractBeanFactory.java:337) ~[spring-beans-6.1.11.jar:6.1.11]
	at org.springframework.beans.factory.support.DefaultSingletonBeanRegistry.getSingleton(DefaultSingletonBeanRegistry.java:234) ~[spring-beans-6.1.11.jar:6.1.11]
	at org.springframework.beans.factory.support.AbstractBeanFactory.doGetBean(AbstractBeanFactory.java:335) ~[spring-beans-6.1.11.jar:6.1.11]
	at org.springframework.beans.factory.support.AbstractBeanFactory.getBean(AbstractBeanFactory.java:200) ~[spring-beans-6.1.11.jar:6.1.11]
	at org.springframework.beans.factory.support.DefaultListableBeanFactory.preInstantiateSingletons(DefaultListableBeanFactory.java:975) ~[spring-beans-6.1.11.jar:6.1.11]
	at org.springframework.context.support.AbstractApplicationContext.finishBeanFactoryInitialization(AbstractApplicationContext.java:971) ~[spring-context-6.1.11.jar:6.1.11]
	at org.springframework.context.support.AbstractApplicationContext.refresh(AbstractApplicationContext.java:625) ~[spring-context-6.1.11.jar:6.1.11]
	at org.springframework.boot.web.servlet.context.ServletWebServerApplicationContext.refresh(ServletWebServerApplicationContext.java:146) ~[spring-boot-3.3.2.jar:3.3.2]
	at org.springframework.boot.SpringApplication.refresh(SpringApplication.java:754) ~[spring-boot-3.3.2.jar:3.3.2]
	at org.springframework.boot.SpringApplication.refreshContext(SpringApplication.java:456) ~[spring-boot-3.3.2.jar:3.3.2]
	at org.springframework.boot.SpringApplication.run(SpringApplication.java:335) ~[spring-boot-3.3.2.jar:3.3.2]
	at org.springframework.boot.SpringApplication.run(SpringApplication.java:1363) ~[spring-boot-3.3.2.jar:3.3.2]
	at org.springframework.boot.SpringApplication.run(SpringApplication.java:1352) ~[spring-boot-3.3.2.jar:3.3.2]
	at com.mysite.sbb.SbbApplication.main(SbbApplication.java:10) ~[main/:na]
	at java.base/jdk.internal.reflect.NativeMethodAccessorImpl.invoke0(Native Method) ~[na:na]
	at java.base/jdk.internal.reflect.NativeMethodAccessorImpl.invoke(NativeMethodAccessorImpl.java:77) ~[na:na]
	at java.base/jdk.internal.reflect.DelegatingMethodAccessorImpl.invoke(DelegatingMethodAccessorImpl.java:43) ~[na:na]
	at java.base/java.lang.reflect.Method.invoke(Method.java:568) ~[na:na]
	at org.springframework.boot.devtools.restart.RestartLauncher.run(RestartLauncher.java:50) ~[spring-boot-devtools-3.3.2.jar:3.3.2]
Caused by: org.springframework.beans.factory.BeanCreationException: Error creating bean with name 'questionService': Lookup method resolution failed
	at org.springframework.beans.factory.annotation.AutowiredAnnotationBeanPostProcessor.checkLookupMethods(AutowiredAnnotationBeanPostProcessor.java:497) ~[spring-beans-6.1.11.jar:6.1.11]
	at org.springframework.beans.factory.annotation.AutowiredAnnotationBeanPostProcessor.determineCandidateConstructors(AutowiredAnnotationBeanPostProcessor.java:367) ~[spring-beans-6.1.11.jar:6.1.11]
	at org.springframework.beans.factory.support.AbstractAutowireCapableBeanFactory.determineConstructorsFromBeanPostProcessors(AbstractAutowireCapableBeanFactory.java:1314) ~[spring-beans-6.1.11.jar:6.1.11]
	at org.springframework.beans.factory.support.AbstractAutowireCapableBeanFactory.createBeanInstance(AbstractAutowireCapableBeanFactory.java:1209) ~[spring-beans-6.1.11.jar:6.1.11]
	at org.springframework.beans.factory.support.AbstractAutowireCapableBeanFactory.doCreateBean(AbstractAutowireCapableBeanFactory.java:562) ~[spring-beans-6.1.11.jar:6.1.11]
	at org.springframework.beans.factory.support.AbstractAutowireCapableBeanFactory.createBean(AbstractAutowireCapableBeanFactory.java:522) ~[spring-beans-6.1.11.jar:6.1.11]
	at org.springframework.beans.factory.support.AbstractBeanFactory.lambda$doGetBean$0(AbstractBeanFactory.java:337) ~[spring-beans-6.1.11.jar:6.1.11]
	at org.springframework.beans.factory.support.DefaultSingletonBeanRegistry.getSingleton(DefaultSingletonBeanRegistry.java:234) ~[spring-beans-6.1.11.jar:6.1.11]
	at org.springframework.beans.factory.support.AbstractBeanFactory.doGetBean(AbstractBeanFactory.java:335) ~[spring-beans-6.1.11.jar:6.1.11]
	at org.springframework.beans.factory.support.AbstractBeanFactory.getBean(AbstractBeanFactory.java:200) ~[spring-beans-6.1.11.jar:6.1.11]
	at org.springframework.beans.factory.config.DependencyDescriptor.resolveCandidate(DependencyDescriptor.java:254) ~[spring-beans-6.1.11.jar:6.1.11]
	at org.springframework.beans.factory.support.DefaultListableBeanFactory.doResolveDependency(DefaultListableBeanFactory.java:1443) ~[spring-beans-6.1.11.jar:6.1.11]
	at org.springframework.beans.factory.support.DefaultListableBeanFactory.resolveDependency(DefaultListableBeanFactory.java:1353) ~[spring-beans-6.1.11.jar:6.1.11]
	at org.springframework.beans.factory.support.ConstructorResolver.resolveAutowiredArgument(ConstructorResolver.java:904) ~[spring-beans-6.1.11.jar:6.1.11]
	at org.springframework.beans.factory.support.ConstructorResolver.createArgumentArray(ConstructorResolver.java:782) ~[spring-beans-6.1.11.jar:6.1.11]
	... 24 common frames omitted
Caused by: java.lang.IllegalStateException: Failed to introspect Class [com.mysite.sbb.question.QuestionService] from ClassLoader [org.springframework.boot.devtools.restart.classloader.RestartClassLoader@7fee6a4d]
	at org.springframework.util.ReflectionUtils.getDeclaredMethods(ReflectionUtils.java:483) ~[spring-core-6.1.11.jar:6.1.11]
	at org.springframework.util.ReflectionUtils.doWithLocalMethods(ReflectionUtils.java:320) ~[spring-core-6.1.11.jar:6.1.11]
	at org.springframework.beans.factory.annotation.AutowiredAnnotationBeanPostProcessor.checkLookupMethods(AutowiredAnnotationBeanPostProcessor.java:475) ~[spring-beans-6.1.11.jar:6.1.11]
	... 38 common frames omitted
Caused by: java.lang.NoClassDefFoundError: com/mysite/sbb/DataNotFoundException
	at java.base/java.lang.Class.getDeclaredMethods0(Native Method) ~[na:na]
	at java.base/java.lang.Class.privateGetDeclaredMethods(Class.java:3402) ~[na:na]
	at java.base/java.lang.Class.getDeclaredMethods(Class.java:2504) ~[na:na]
	at org.springframework.util.ReflectionUtils.getDeclaredMethods(ReflectionUtils.java:465) ~[spring-core-6.1.11.jar:6.1.11]
	... 40 common frames omitted
Caused by: java.lang.ClassNotFoundException: com.mysite.sbb.DataNotFoundException
	at java.base/jdk.internal.loader.BuiltinClassLoader.loadClass(BuiltinClassLoader.java:641) ~[na:na]
	at java.base/jdk.internal.loader.ClassLoaders$AppClassLoader.loadClass(ClassLoaders.java:188) ~[na:na]
	at java.base/java.lang.ClassLoader.loadClass(ClassLoader.java:525) ~[na:na]
	at java.base/java.lang.Class.forName0(Native Method) ~[na:na]
	at java.base/java.lang.Class.forName(Class.java:467) ~[na:na]
	at org.springframework.boot.devtools.restart.classloader.RestartClassLoader.loadClass(RestartClassLoader.java:121) ~[spring-boot-devtools-3.3.2.jar:3.3.2]
	at java.base/java.lang.ClassLoader.loadClass(ClassLoader.java:525) ~[na:na]
	... 44 common frames omitted
2024-08-14 09:45:56 - Starting SbbApplication using Java 17.0.12 with PID 8381 (/Users/jinsoo/Documents/GitHub/Board-Backend/sbb/build/classes/java/main started by jinsoo in /Users/jinsoo/Documents/GitHub/Board-Backend)
2024-08-14 09:45:56 - Running with Spring Boot v3.3.2, Spring v6.1.11
2024-08-14 09:45:56 - No active profile set, falling back to 1 default profile: "default"
2024-08-14 09:45:56 - Bootstrapping Spring Data JPA repositories in DEFAULT mode.
2024-08-14 09:45:56 - Finished Spring Data repository scanning in 3 ms. Found 3 JPA repository interfaces.
2024-08-14 09:45:56 - Tomcat initialized with port 8080 (http)
2024-08-14 09:45:56 - Starting service [Tomcat]
2024-08-14 09:45:56 - Starting Servlet engine: [Apache Tomcat/10.1.26]
2024-08-14 09:45:56 - Initializing Spring embedded WebApplicationContext
2024-08-14 09:45:56 - Root WebApplicationContext: initialization completed in 140 ms
2024-08-14 09:45:56 - HikariPool-3 - Starting...
2024-08-14 09:45:59 - HikariPool-3 - Added connection com.mysql.cj.jdbc.ConnectionImpl@733d533a
2024-08-14 09:45:59 - HikariPool-3 - Start completed.
2024-08-14 09:45:59 - H2 console available at '/h2-console'. Database available at 'jdbc:mysql://34.122.116.151:3306/board?useSSL=false&useUnicode=true&serverTimezone=Asia/Seoul'
2024-08-14 09:45:59 - HHH000204: Processing PersistenceUnitInfo [name: default]
2024-08-14 09:45:59 - HHH000026: Second-level cache disabled
2024-08-14 09:45:59 - No LoadTimeWeaver setup: ignoring JPA class transformer
2024-08-14 09:45:59 - HHH90000025: MySQLDialect does not need to be specified explicitly using 'hibernate.dialect' (remove the property setting and it will be selected by default)
2024-08-14 09:45:59 - HHH000489: No JTA platform available (set 'hibernate.transaction.jta.platform' to enable JTA platform integration)
2024-08-14 09:46:05 - Initialized JPA EntityManagerFactory for persistence unit 'default'
2024-08-14 09:46:05 - Exception encountered during context initialization - cancelling refresh attempt: org.springframework.beans.factory.UnsatisfiedDependencyException: Error creating bean with name 'answerRestController' defined in file [/Users/jinsoo/Documents/GitHub/Board-Backend/sbb/build/classes/java/main/com/mysite/sbb/answer/AnswerRestController.class]: Unsatisfied dependency expressed through constructor parameter 0: Error creating bean with name 'questionService': Lookup method resolution failed
2024-08-14 09:46:05 - Closing JPA EntityManagerFactory for persistence unit 'default'
2024-08-14 09:46:05 - HikariPool-3 - Shutdown initiated...
2024-08-14 09:46:06 - HikariPool-3 - Shutdown completed.
2024-08-14 09:46:06 - Stopping service [Tomcat]
2024-08-14 09:46:06 - 

Error starting ApplicationContext. To display the condition evaluation report re-run your application with 'debug' enabled.
2024-08-14 09:46:06 - Application run failed
org.springframework.beans.factory.UnsatisfiedDependencyException: Error creating bean with name 'answerRestController' defined in file [/Users/jinsoo/Documents/GitHub/Board-Backend/sbb/build/classes/java/main/com/mysite/sbb/answer/AnswerRestController.class]: Unsatisfied dependency expressed through constructor parameter 0: Error creating bean with name 'questionService': Lookup method resolution failed
	at org.springframework.beans.factory.support.ConstructorResolver.createArgumentArray(ConstructorResolver.java:795) ~[spring-beans-6.1.11.jar:6.1.11]
	at org.springframework.beans.factory.support.ConstructorResolver.autowireConstructor(ConstructorResolver.java:237) ~[spring-beans-6.1.11.jar:6.1.11]
	at org.springframework.beans.factory.support.AbstractAutowireCapableBeanFactory.autowireConstructor(AbstractAutowireCapableBeanFactory.java:1375) ~[spring-beans-6.1.11.jar:6.1.11]
	at org.springframework.beans.factory.support.AbstractAutowireCapableBeanFactory.createBeanInstance(AbstractAutowireCapableBeanFactory.java:1212) ~[spring-beans-6.1.11.jar:6.1.11]
	at org.springframework.beans.factory.support.AbstractAutowireCapableBeanFactory.doCreateBean(AbstractAutowireCapableBeanFactory.java:562) ~[spring-beans-6.1.11.jar:6.1.11]
	at org.springframework.beans.factory.support.AbstractAutowireCapableBeanFactory.createBean(AbstractAutowireCapableBeanFactory.java:522) ~[spring-beans-6.1.11.jar:6.1.11]
	at org.springframework.beans.factory.support.AbstractBeanFactory.lambda$doGetBean$0(AbstractBeanFactory.java:337) ~[spring-beans-6.1.11.jar:6.1.11]
	at org.springframework.beans.factory.support.DefaultSingletonBeanRegistry.getSingleton(DefaultSingletonBeanRegistry.java:234) ~[spring-beans-6.1.11.jar:6.1.11]
	at org.springframework.beans.factory.support.AbstractBeanFactory.doGetBean(AbstractBeanFactory.java:335) ~[spring-beans-6.1.11.jar:6.1.11]
	at org.springframework.beans.factory.support.AbstractBeanFactory.getBean(AbstractBeanFactory.java:200) ~[spring-beans-6.1.11.jar:6.1.11]
	at org.springframework.beans.factory.support.DefaultListableBeanFactory.preInstantiateSingletons(DefaultListableBeanFactory.java:975) ~[spring-beans-6.1.11.jar:6.1.11]
	at org.springframework.context.support.AbstractApplicationContext.finishBeanFactoryInitialization(AbstractApplicationContext.java:971) ~[spring-context-6.1.11.jar:6.1.11]
	at org.springframework.context.support.AbstractApplicationContext.refresh(AbstractApplicationContext.java:625) ~[spring-context-6.1.11.jar:6.1.11]
	at org.springframework.boot.web.servlet.context.ServletWebServerApplicationContext.refresh(ServletWebServerApplicationContext.java:146) ~[spring-boot-3.3.2.jar:3.3.2]
	at org.springframework.boot.SpringApplication.refresh(SpringApplication.java:754) ~[spring-boot-3.3.2.jar:3.3.2]
	at org.springframework.boot.SpringApplication.refreshContext(SpringApplication.java:456) ~[spring-boot-3.3.2.jar:3.3.2]
	at org.springframework.boot.SpringApplication.run(SpringApplication.java:335) ~[spring-boot-3.3.2.jar:3.3.2]
	at org.springframework.boot.SpringApplication.run(SpringApplication.java:1363) ~[spring-boot-3.3.2.jar:3.3.2]
	at org.springframework.boot.SpringApplication.run(SpringApplication.java:1352) ~[spring-boot-3.3.2.jar:3.3.2]
	at com.mysite.sbb.SbbApplication.main(SbbApplication.java:10) ~[main/:na]
	at java.base/jdk.internal.reflect.NativeMethodAccessorImpl.invoke0(Native Method) ~[na:na]
	at java.base/jdk.internal.reflect.NativeMethodAccessorImpl.invoke(NativeMethodAccessorImpl.java:77) ~[na:na]
	at java.base/jdk.internal.reflect.DelegatingMethodAccessorImpl.invoke(DelegatingMethodAccessorImpl.java:43) ~[na:na]
	at java.base/java.lang.reflect.Method.invoke(Method.java:568) ~[na:na]
	at org.springframework.boot.devtools.restart.RestartLauncher.run(RestartLauncher.java:50) ~[spring-boot-devtools-3.3.2.jar:3.3.2]
Caused by: org.springframework.beans.factory.BeanCreationException: Error creating bean with name 'questionService': Lookup method resolution failed
	at org.springframework.beans.factory.annotation.AutowiredAnnotationBeanPostProcessor.checkLookupMethods(AutowiredAnnotationBeanPostProcessor.java:497) ~[spring-beans-6.1.11.jar:6.1.11]
	at org.springframework.beans.factory.annotation.AutowiredAnnotationBeanPostProcessor.determineCandidateConstructors(AutowiredAnnotationBeanPostProcessor.java:367) ~[spring-beans-6.1.11.jar:6.1.11]
	at org.springframework.beans.factory.support.AbstractAutowireCapableBeanFactory.determineConstructorsFromBeanPostProcessors(AbstractAutowireCapableBeanFactory.java:1314) ~[spring-beans-6.1.11.jar:6.1.11]
	at org.springframework.beans.factory.support.AbstractAutowireCapableBeanFactory.createBeanInstance(AbstractAutowireCapableBeanFactory.java:1209) ~[spring-beans-6.1.11.jar:6.1.11]
	at org.springframework.beans.factory.support.AbstractAutowireCapableBeanFactory.doCreateBean(AbstractAutowireCapableBeanFactory.java:562) ~[spring-beans-6.1.11.jar:6.1.11]
	at org.springframework.beans.factory.support.AbstractAutowireCapableBeanFactory.createBean(AbstractAutowireCapableBeanFactory.java:522) ~[spring-beans-6.1.11.jar:6.1.11]
	at org.springframework.beans.factory.support.AbstractBeanFactory.lambda$doGetBean$0(AbstractBeanFactory.java:337) ~[spring-beans-6.1.11.jar:6.1.11]
	at org.springframework.beans.factory.support.DefaultSingletonBeanRegistry.getSingleton(DefaultSingletonBeanRegistry.java:234) ~[spring-beans-6.1.11.jar:6.1.11]
	at org.springframework.beans.factory.support.AbstractBeanFactory.doGetBean(AbstractBeanFactory.java:335) ~[spring-beans-6.1.11.jar:6.1.11]
	at org.springframework.beans.factory.support.AbstractBeanFactory.getBean(AbstractBeanFactory.java:200) ~[spring-beans-6.1.11.jar:6.1.11]
	at org.springframework.beans.factory.config.DependencyDescriptor.resolveCandidate(DependencyDescriptor.java:254) ~[spring-beans-6.1.11.jar:6.1.11]
	at org.springframework.beans.factory.support.DefaultListableBeanFactory.doResolveDependency(DefaultListableBeanFactory.java:1443) ~[spring-beans-6.1.11.jar:6.1.11]
	at org.springframework.beans.factory.support.DefaultListableBeanFactory.resolveDependency(DefaultListableBeanFactory.java:1353) ~[spring-beans-6.1.11.jar:6.1.11]
	at org.springframework.beans.factory.support.ConstructorResolver.resolveAutowiredArgument(ConstructorResolver.java:904) ~[spring-beans-6.1.11.jar:6.1.11]
	at org.springframework.beans.factory.support.ConstructorResolver.createArgumentArray(ConstructorResolver.java:782) ~[spring-beans-6.1.11.jar:6.1.11]
	... 24 common frames omitted
Caused by: java.lang.IllegalStateException: Failed to introspect Class [com.mysite.sbb.question.QuestionService] from ClassLoader [org.springframework.boot.devtools.restart.classloader.RestartClassLoader@2426506]
	at org.springframework.util.ReflectionUtils.getDeclaredMethods(ReflectionUtils.java:483) ~[spring-core-6.1.11.jar:6.1.11]
	at org.springframework.util.ReflectionUtils.doWithLocalMethods(ReflectionUtils.java:320) ~[spring-core-6.1.11.jar:6.1.11]
	at org.springframework.beans.factory.annotation.AutowiredAnnotationBeanPostProcessor.checkLookupMethods(AutowiredAnnotationBeanPostProcessor.java:475) ~[spring-beans-6.1.11.jar:6.1.11]
	... 38 common frames omitted
Caused by: java.lang.NoClassDefFoundError: com/mysite/sbb/DataNotFoundException
	at java.base/java.lang.Class.getDeclaredMethods0(Native Method) ~[na:na]
	at java.base/java.lang.Class.privateGetDeclaredMethods(Class.java:3402) ~[na:na]
	at java.base/java.lang.Class.getDeclaredMethods(Class.java:2504) ~[na:na]
	at org.springframework.util.ReflectionUtils.getDeclaredMethods(ReflectionUtils.java:465) ~[spring-core-6.1.11.jar:6.1.11]
	... 40 common frames omitted
Caused by: java.lang.ClassNotFoundException: com.mysite.sbb.DataNotFoundException
	at java.base/jdk.internal.loader.BuiltinClassLoader.loadClass(BuiltinClassLoader.java:641) ~[na:na]
	at java.base/jdk.internal.loader.ClassLoaders$AppClassLoader.loadClass(ClassLoaders.java:188) ~[na:na]
	at java.base/java.lang.ClassLoader.loadClass(ClassLoader.java:525) ~[na:na]
	at java.base/java.lang.Class.forName0(Native Method) ~[na:na]
	at java.base/java.lang.Class.forName(Class.java:467) ~[na:na]
	at org.springframework.boot.devtools.restart.classloader.RestartClassLoader.loadClass(RestartClassLoader.java:121) ~[spring-boot-devtools-3.3.2.jar:3.3.2]
	at java.base/java.lang.ClassLoader.loadClass(ClassLoader.java:525) ~[na:na]
	... 44 common frames omitted
2024-08-14 09:47:39 - Starting SbbApplication using Java 17.0.12 with PID 8483 (/Users/jinsoo/Documents/GitHub/Board-Backend/sbb/build/classes/java/main started by jinsoo in /Users/jinsoo/Documents/GitHub/Board-Backend)
2024-08-14 09:47:39 - Running with Spring Boot v3.3.2, Spring v6.1.11
2024-08-14 09:47:39 - No active profile set, falling back to 1 default profile: "default"
2024-08-14 09:47:39 - Devtools property defaults active! Set 'spring.devtools.add-properties' to 'false' to disable
2024-08-14 09:47:39 - For additional web related logging consider setting the 'logging.level.web' property to 'DEBUG'
2024-08-14 09:47:40 - Bootstrapping Spring Data JPA repositories in DEFAULT mode.
2024-08-14 09:47:40 - Finished Spring Data repository scanning in 22 ms. Found 3 JPA repository interfaces.
2024-08-14 09:47:40 - Tomcat initialized with port 8080 (http)
2024-08-14 09:47:40 - Starting service [Tomcat]
2024-08-14 09:47:40 - Starting Servlet engine: [Apache Tomcat/10.1.26]
2024-08-14 09:47:40 - Initializing Spring embedded WebApplicationContext
2024-08-14 09:47:40 - Root WebApplicationContext: initialization completed in 731 ms
2024-08-14 09:47:40 - HikariPool-1 - Starting...
2024-08-14 09:47:42 - HikariPool-1 - Added connection com.mysql.cj.jdbc.ConnectionImpl@b1d1409
2024-08-14 09:47:42 - HikariPool-1 - Start completed.
2024-08-14 09:47:42 - H2 console available at '/h2-console'. Database available at 'jdbc:mysql://34.122.116.151:3306/board?useSSL=false&useUnicode=true&serverTimezone=Asia/Seoul'
2024-08-14 09:47:42 - HHH000204: Processing PersistenceUnitInfo [name: default]
2024-08-14 09:47:42 - HHH000412: Hibernate ORM core version 6.5.2.Final
2024-08-14 09:47:42 - HHH000026: Second-level cache disabled
2024-08-14 09:47:42 - No LoadTimeWeaver setup: ignoring JPA class transformer
2024-08-14 09:47:43 - HHH90000025: MySQLDialect does not need to be specified explicitly using 'hibernate.dialect' (remove the property setting and it will be selected by default)
2024-08-14 09:47:43 - HHH000489: No JTA platform available (set 'hibernate.transaction.jta.platform' to enable JTA platform integration)
2024-08-14 09:47:48 - Initialized JPA EntityManagerFactory for persistence unit 'default'
2024-08-14 09:47:48 - Hibernate is in classpath; If applicable, HQL parser will be used.
2024-08-14 09:47:48 - Global AuthenticationManager configured with UserDetailsService bean with name userSecurityService
2024-08-14 09:47:48 - spring.jpa.open-in-view is enabled by default. Therefore, database queries may be performed during view rendering. Explicitly configure spring.jpa.open-in-view to disable this warning
2024-08-14 09:47:49 - LiveReload server is running on port 35729
2024-08-14 09:47:49 - Tomcat started on port 8080 (http) with context path '/'
2024-08-14 09:47:49 - Started SbbApplication in 9.585 seconds (process running for 9.84)
